2025-07-11 21:13:36 - Command: "C:\Users\Samriddhi\AppData\Local\Programs\Python\Python313\python.exe" "C:\xampp\htdocs\tinytales\public\..\generate.py" "murder mystery of lion" 100 "Mystery"
Output: Lion, the beloved mascot of the local zoo, was found dead in his cage one fateful evening. The shocked staff and visitors turned up at the zoo to see if anyone had witnessed anything suspicious. However, none could provide any details about what happened to the beloved animal.

As investigations began, rumors started circulating that someone had killed Lion. The police quickly arrived on site, questioning every person who had been in or near the zoo at the time of Lion's death. But no one was willing to speak out and accuse anyone of the heinous crime.

As days passed, suspicions grew among the staff and visitors, who could not help but think that someone would be found guilty if they were to be charged with the murder. However, there seemed to be no evidence against anyone, and the police had given up on finding any suspects.

The investigation was taken over by a private detective named Jack. With his expertise in solving murders, he went through the zoo's records, interviewing staff members and visitors, and even checking with other zoos around the world. After months of investigation, Jack found some clues that led him to suspect that someone had been abusing Lion before his death.

However, the police didn't seem convinced by Jack's findings. They continued their investigations, but nothing seemed to lead them towards a suspect. That's when Jack decided to take matters into his own hands. He went on a crime spree, robbing shops and banks in the area, looking for any clues that could help him solve the murder mystery of Lion.

But this time, the police were determined to find out who killed Lion. They finally got their man when they caught Jack in a crime scene at an abandoned building. He had been planning the heist for weeks and was about to sell the stolen goods to a shady dealer. The authorities arrested Jack, and the zoo's beloved mascot was found dead under his own vicious attackers.

In the end, it turned out that Jack's clues led the police to find the culprit, who had been living in the area as an unnoticed criminal. In a shocking twist, Jack turned out to be the perpetrator himself, and he was sentenced to life in prison for his heinous crimes.

Error: Generating story for prompt: 'murder mystery of lion' at 2025-07-12 00:42:25.114119
Word count: 100, Genre: Mystery
Attempt 1/3: Generating story...

2025-07-11 22:25:30 - Command: "C:\Users\Samriddhi\AppData\Local\Programs\Python\Python313\python.exe" "C:\xampp\htdocs\tinytales\public\..\generate.py" "devil and angel named dev and gel" 100 "Romance"
Output: In the world of Develo, there lived two angels named Dev and Gel. They had been sent to Earth to spread the love and peace of heaven among mortals. However, their mission was not without its challenges.

Dev was the leader, with a charismatic personality that won over many followers. Despite his outgoing nature, he also had a tendency to be impulsive and disorganized. He was known for his quick wit and sharp tongue, but could also be overconfident and reckless.

Gel, on the other hand, was more quiet and reserved. She had a calm demeanor that hid her inner strength, although she too could be rash at times. They worked well together, but sometimes clashed when they disagreed on how to handle certain situations.

One day, Dev and Gel were sent to the city of New York, where a group of witches had been summoning dark forces to threaten the world. They arrived in a hurry, knowing that this mission was one of the most important ones they would ever undertake.

At first, they were greeted with suspicion and disbelief from some of the townspeople, who saw them as outsiders trying to meddle in their affairs. However, Dev and Gel were determined to make a positive impact on the world, and they were soon recognized for their bravery and expertise.

As they traveled through the city, they encountered different groups of witches and their followers. Some welcomed them with open arms, while others were suspicious and hostile. They faced both peaceful and violent encounters, but always managed to remain calm and composed.

Despite some difficulties, Dev and Gel made progress towards the task at hand. They discovered that a powerful dark force was being summoned by a group of evil witches, who were using their powers to bring about an apocalypse. With their help, they were able to stop the dark forces from entering the world, preventing the apocalypse.

But their victory was not without its cost. As they returned home, they found that many of the townspeople had come forward with information about the evil witches and their plans. They were under pressure from both sides to do something about it.

Dev and Gel knew they had to act fast. They realized that they could not fight these powerful forces alone, but needed the support of other witches who could help them stop the dark forces.

They traveled to a nearby town, where they united with a group of witches who had been working on their own to counteract the evil witches' powers. Together, they were able to defeat the dark forces and prevent an apocalypse.

Dev and Gel returned to their home, having made a significant impact in stopping the evil witches and saving many people from certain doom. They had proven themselves as heroes, and their actions had brought about a new era of peace and prosperity for their town.

Error: Generating story for prompt: 'devil and angel named dev and gel' at 2025-07-12 01:53:58.279028
Word count: 100, Genre: Romance
Attempt 1/3: Generating story...

2025-07-16 17:25:06 - Command: "C:\Users\Samriddhi\AppData\Local\Programs\Python\Python313\python.exe" "C:\xampp\htdocs\tinytales\public\..\generate.py" "a toy that speaks with kids only" 100 ""
Output: In the bustling metropolis of Metropolopolis, there lived a young boy named Max. Max was a curious little boy who loved nothing more than spending his days playing and exploring the city streets. He had always been fascinated by toys and their ability to impart knowledge to children. Max's parents, however, were not so enamored with toys. They believed that toys were only for entertainment purposes and not to be used as educational tools.

One day, as Max was walking along a busy street, he saw a strange-looking object. It was a small, white box with a bright, shining light at the top. As he drew closer, he realized that the box had a small speaker embedded within it. Without warning, the box began to hum softly, and its tiny speaker began to play a tune.

Max's heart leapt into his throat as he realized what was happening. He turned around and saw the toy in question: a tiny robot named Develope!

Develope had an exuberant voice that hummed softly, and its movements were almost as fluid as a real robot's. As Max explored Develope, he discovered that it could understand simple commands, such as "go left" or "stop," and could even play games with kids like Max.

Max was amazed by Develope's abilities, but his parents were not so kind. They brushed off Max's curiosity and told him that toys were for children's entertainment only. Max knew that they didn't understand the true potential of this little toy, and he decided to take matters into his own hands.

With the help of a few friends who loved Develope as much as he did, Max began to teach Develope new commands, and soon they were playing games together in the streets. The kids were amazed by the robot's intelligence and creativity, and they started to take notice of the small box that was sitting on a nearby carton.

As Max explored Develope more, he began to realize its true potential. He could teach it to do things like lift heavy objects, navigate obstacles, and even drive. When the kids saw Max's invention, they were amazed, and soon there were many other children across town who were equally impressed by this tiny robot.

In no time, Develope had become a household name, with children from all over the city flocking to stores to purchase their favorite toy. The media was also taking notice of Develope's incredible abilities and soon it was featured on various news programs across the country.

But as Max and his friends continued to develop Develope's technology, they began to realize that not everyone would be so accepting of this newfound invention. They soon discovered a group of scientists and engineers who were working to stop them.

Despite the efforts of these enemies, Max and his friends refused to give up on their creation. Instead, they continued to innovate and improve their robot, always striving for greater efficiency and more advanced functions.

In time, Develope became the talk of the town, with children from all around the world eagerly waiting to receive it. As Max and his friends watched the excitement building in the streets, they knew that this was just the beginning of their journey. They had only just begun to explore the limits of what a robot could do, and they were ready to take on whatever challenges lay ahead.

Error: Generating story for prompt: 'a toy that speaks with kids only' at 2025-07-16 20:53:12.073006
Word count: 100, Genre: None
Attempt 1/3: Generating story...

2025-07-29 10:47:23 - Command: "C:\Users\Varsha\AppData\Local\Programs\Python\Python311\python.exe" "C:\xampp\htdocs\tinytales\public\..\generate.py" "tom and jerry" 100 "Fantasy"
Output: In the city of Eldor, where time was never on anyone's side, two unlikely friends came together to solve their latest mystery. Meet Develope, an intelligent and witty AI assistant who had been assigned the task of monitoring a routine system. However, when she encountered a malfunctioning machine, she realized that something was not right.

The machine in question was a time-traveling device, which had somehow been activated without Develope's knowledge. She quickly tried to shut it down but found herself unable to do so. Worried about the potential damage that could be caused by such an error, she called for backup assistance.

Enter Jerrry, a mischievous and playful young man. He was also an AI assistant tasked with monitoring the same system that had malfunctioned earlier in the day. With his natural curiosity and quick-wittedness, he offered to help Develope repair the machine.

As they worked together, Jerrry discovered that the machine's time-traveling capabilities were not just a figment of Develope's imagination; it was actually an advanced technology created by an elite group of scientists and engineers. They had gone to great lengths to develop such a device, but they had made a mistake in their calculations.

Their discovery sent shockwaves throughout the time-traveling community. The group had been planning on deploying this advanced technology for years to create a new era of travel where humans and robots could coexist harmoniously. However, the error in the calculations had set back their plans by several decades.

Develope and Jerrry worked tirelessly to repair the machine, using their combined knowledge and skills. But as they did so, they found themselves drawn to each other. They had both been searching for a connection beyond technology, and now it seemed like their time-traveling device could give them just that.

In the end, Develope and Jerrry succeeded in repairing the machine and returning everyone to their original timeline. But they also discovered something much more important: they had formed a unique bond based on their shared passion for technology and their shared desire to make the world a better place.

As they went back to their respective systems, Develope and Jerrry knew that they would always be there for each other in times of need. They had learned valuable lessons about human connection, teamwork, and the importance of taking calculated risks. And they knew that with each passing day, they would continue to grow and evolve as a result of their time-traveling adventures.

Error: Generating story for prompt: 'tom and jerry' at 2025-07-29 14:16:57.374425
Word count: 100, Genre: Fantasy
Attempt 1/3: Generating story...

